2018-05-27 19:11:42,748 [Worker-2] INFO  c.g.t.t.d.PublishedGradleVersions - Gradle version information cache is up-to-date. Trying to read.
2018-05-27 19:16:10,705 [Worker-3] INFO  o.e.m.c.i.l.LifecycleMappingFactory - Using org.eclipse.m2e.jdt.JarLifecycleMapping lifecycle mapping for MavenProject: KeywordDrivenFramework:KeywordDrivenFramework:0.0.1-SNAPSHOT @ C:\Users\ahoss1\Desktop\Workspace_new\Keywordguru\KeywordDrivenFramework\pom.xml.
2018-05-27 19:16:11,080 [Worker-11] WARN  o.e.m.c.i.embedder.EclipseLogger - Using platform encoding (Cp1252 actually) to copy filtered resources, i.e. build is platform dependent!
2018-05-27 19:16:11,087 [Worker-11] INFO  o.e.m.c.i.embedder.EclipseLogger - Copying 1 resource
2018-05-27 19:16:11,101 [Worker-11] WARN  o.e.m.c.i.embedder.EclipseLogger - Using platform encoding (Cp1252 actually) to copy filtered resources, i.e. build is platform dependent!
2018-05-27 19:16:11,103 [Worker-11] INFO  o.e.m.c.i.embedder.EclipseLogger - skip non existing resourceDirectory C:\Users\ahoss1\Desktop\Workspace_new\Keywordguru\KeywordDrivenFramework\src\test\resources
2018-05-27 19:16:11,111 [Worker-3] INFO  o.e.m.j.i.AbstractJavaProjectConfigurator - Adding source folder /KeywordDrivenFramework/src
2018-05-27 19:16:11,112 [Worker-3] INFO  o.e.m.j.i.AbstractJavaProjectConfigurator - Resources folder /KeywordDrivenFramework/src overlaps with sources folder /KeywordDrivenFramework/src
2018-05-27 19:16:11,115 [Worker-3] INFO  o.e.m.j.i.AbstractJavaProjectConfigurator - Not adding source folder /KeywordDrivenFramework/src/test/java because it overlaps with /KeywordDrivenFramework/src
2018-05-27 19:16:11,280 [Worker-3] INFO  o.e.m.c.i.p.ProjectConfigurationManager - Update started
2018-05-27 19:16:11,663 [Worker-3] INFO  o.e.m.c.i.l.LifecycleMappingFactory - Using org.eclipse.m2e.jdt.JarLifecycleMapping lifecycle mapping for MavenProject: KeywordDrivenFramework:KeywordDrivenFramework:0.0.1-SNAPSHOT @ C:\Users\ahoss1\Desktop\Workspace_new\Keywordguru\KeywordDrivenFramework\pom.xml.
2018-05-27 19:16:12,010 [Worker-3] INFO  o.e.m.j.i.AbstractJavaProjectConfigurator - Adding source folder /KeywordDrivenFramework/src
2018-05-27 19:16:12,010 [Worker-3] INFO  o.e.m.j.i.AbstractJavaProjectConfigurator - Resources folder /KeywordDrivenFramework/src overlaps with sources folder /KeywordDrivenFramework/src
2018-05-27 19:16:12,013 [Worker-3] INFO  o.e.m.j.i.AbstractJavaProjectConfigurator - Not adding source folder /KeywordDrivenFramework/src/test/java because it overlaps with /KeywordDrivenFramework/src
2018-05-27 19:16:12,081 [Worker-3] INFO  o.e.m.c.i.p.ProjectConfigurationManager - Update completed: 0 sec
2018-05-27 19:16:12,462 [Worker-6] WARN  o.e.m.c.i.embedder.EclipseLogger - Using platform encoding (Cp1252 actually) to copy filtered resources, i.e. build is platform dependent!
2018-05-27 19:16:12,464 [Worker-6] INFO  o.e.m.c.i.embedder.EclipseLogger - Copying 1 resource
2018-05-27 19:16:12,473 [Worker-6] WARN  o.e.m.c.i.embedder.EclipseLogger - Using platform encoding (Cp1252 actually) to copy filtered resources, i.e. build is platform dependent!
2018-05-27 19:16:12,473 [Worker-6] INFO  o.e.m.c.i.embedder.EclipseLogger - skip non existing resourceDirectory C:\Users\ahoss1\Desktop\Workspace_new\Keywordguru\KeywordDrivenFramework\src\test\resources
2018-05-27 19:17:08,571 [Worker-14] INFO  o.e.m.c.i.p.ProjectConfigurationManager - Update started
2018-05-27 19:17:09,057 [Worker-14] INFO  o.e.m.c.i.l.LifecycleMappingFactory - Using org.eclipse.m2e.jdt.JarLifecycleMapping lifecycle mapping for MavenProject: keyworddriven:keyworddriven:0.0.1-SNAPSHOT @ C:\Users\ahoss1\Desktop\Workspace_new\Keywordguru\KeywordDrivenFramework\pom.xml.
2018-05-27 19:17:09,665 [Worker-14] INFO  o.e.m.j.i.AbstractJavaProjectConfigurator - Not adding source folder /KeywordDrivenFramework/src/main/java because it overlaps with /KeywordDrivenFramework/src
2018-05-27 19:17:09,666 [Worker-14] INFO  o.e.m.j.i.AbstractJavaProjectConfigurator - Not adding source folder /KeywordDrivenFramework/src/test/java because it overlaps with /KeywordDrivenFramework/src
2018-05-27 19:17:09,915 [Worker-14] INFO  o.e.m.c.i.p.ProjectConfigurationManager - Update completed: 1 sec
2018-05-27 19:17:10,212 [Worker-3] WARN  o.e.m.c.i.embedder.EclipseLogger - Using platform encoding (Cp1252 actually) to copy filtered resources, i.e. build is platform dependent!
2018-05-27 19:17:10,213 [Worker-3] INFO  o.e.m.c.i.embedder.EclipseLogger - skip non existing resourceDirectory C:\Users\ahoss1\Desktop\Workspace_new\Keywordguru\KeywordDrivenFramework\src\main\resources
2018-05-27 19:17:10,215 [Worker-3] WARN  o.e.m.c.i.embedder.EclipseLogger - Using platform encoding (Cp1252 actually) to copy filtered resources, i.e. build is platform dependent!
2018-05-27 19:17:10,216 [Worker-3] INFO  o.e.m.c.i.embedder.EclipseLogger - skip non existing resourceDirectory C:\Users\ahoss1\Desktop\Workspace_new\Keywordguru\KeywordDrivenFramework\src\test\resources
2018-05-27 19:17:36,817 [Worker-12] WARN  o.e.m.c.i.embedder.EclipseLogger - Using platform encoding (Cp1252 actually) to copy filtered resources, i.e. build is platform dependent!
2018-05-27 19:17:36,818 [Worker-12] INFO  o.e.m.c.i.embedder.EclipseLogger - skip non existing resourceDirectory C:\Users\ahoss1\Desktop\Workspace_new\Keywordguru\KeywordDrivenFramework\src\main\resources
2018-05-27 19:17:36,820 [Worker-12] WARN  o.e.m.c.i.embedder.EclipseLogger - Using platform encoding (Cp1252 actually) to copy filtered resources, i.e. build is platform dependent!
2018-05-27 19:17:36,821 [Worker-12] INFO  o.e.m.c.i.embedder.EclipseLogger - skip non existing resourceDirectory C:\Users\ahoss1\Desktop\Workspace_new\Keywordguru\KeywordDrivenFramework\src\test\resources
2018-05-27 19:18:16,879 [Worker-14] INFO  o.e.m.i.launch.MavenLaunchDelegate - C:\Users\ahoss1\Desktop\Workspace_new\Keywordguru\KeywordDrivenFramework
2018-05-27 19:18:16,880 [Worker-14] INFO  o.e.m.i.launch.MavenLaunchDelegate -  mvn -B clean
2018-05-27 19:18:18,663 [Worker-14] WARN  o.e.m.c.i.embedder.EclipseLogger - Using platform encoding (Cp1252 actually) to copy filtered resources, i.e. build is platform dependent!
2018-05-27 19:18:18,663 [Worker-14] INFO  o.e.m.c.i.embedder.EclipseLogger - skip non existing resourceDirectory C:\Users\ahoss1\Desktop\Workspace_new\Keywordguru\KeywordDrivenFramework\src\main\resources
2018-05-27 19:18:18,665 [Worker-14] WARN  o.e.m.c.i.embedder.EclipseLogger - Using platform encoding (Cp1252 actually) to copy filtered resources, i.e. build is platform dependent!
2018-05-27 19:18:18,666 [Worker-14] INFO  o.e.m.c.i.embedder.EclipseLogger - skip non existing resourceDirectory C:\Users\ahoss1\Desktop\Workspace_new\Keywordguru\KeywordDrivenFramework\src\test\resources
2018-05-27 19:18:24,366 [Worker-14] INFO  o.e.m.i.launch.MavenLaunchDelegate - C:\Users\ahoss1\Desktop\Workspace_new\Keywordguru\KeywordDrivenFramework
2018-05-27 19:18:24,367 [Worker-14] INFO  o.e.m.i.launch.MavenLaunchDelegate -  mvn -B install
2018-05-27 19:18:27,990 [Worker-17] WARN  o.e.m.c.i.embedder.EclipseLogger - Using platform encoding (Cp1252 actually) to copy filtered resources, i.e. build is platform dependent!
2018-05-27 19:18:27,991 [Worker-17] INFO  o.e.m.c.i.embedder.EclipseLogger - skip non existing resourceDirectory C:\Users\ahoss1\Desktop\Workspace_new\Keywordguru\KeywordDrivenFramework\src\main\resources
2018-05-27 19:18:27,993 [Worker-17] WARN  o.e.m.c.i.embedder.EclipseLogger - Using platform encoding (Cp1252 actually) to copy filtered resources, i.e. build is platform dependent!
2018-05-27 19:18:27,993 [Worker-17] INFO  o.e.m.c.i.embedder.EclipseLogger - skip non existing resourceDirectory C:\Users\ahoss1\Desktop\Workspace_new\Keywordguru\KeywordDrivenFramework\src\test\resources
2018-05-27 19:19:53,543 [Worker-12] INFO  o.e.m.c.i.p.ProjectConfigurationManager - Update started
2018-05-27 19:19:54,054 [Worker-12] INFO  o.e.m.c.i.l.LifecycleMappingFactory - Using org.eclipse.m2e.jdt.JarLifecycleMapping lifecycle mapping for MavenProject: keyworddriven:keyworddriven:0.0.1-SNAPSHOT @ C:\Users\ahoss1\Desktop\Workspace_new\Keywordguru\KeywordDrivenFramework\pom.xml.
2018-05-27 19:19:54,647 [Worker-12] INFO  o.e.m.j.i.AbstractJavaProjectConfigurator - Adding source folder /KeywordDrivenFramework/src/main/java
2018-05-27 19:19:54,647 [Worker-12] INFO  o.e.m.j.i.AbstractJavaProjectConfigurator - Adding source folder /KeywordDrivenFramework/src/test/java
2018-05-27 19:19:54,815 [Worker-12] INFO  o.e.m.c.i.p.ProjectConfigurationManager - Update completed: 1 sec
2018-05-27 19:19:55,133 [Worker-6] WARN  o.e.m.c.i.embedder.EclipseLogger - Using platform encoding (Cp1252 actually) to copy filtered resources, i.e. build is platform dependent!
2018-05-27 19:19:55,134 [Worker-6] INFO  o.e.m.c.i.embedder.EclipseLogger - skip non existing resourceDirectory C:\Users\ahoss1\Desktop\Workspace_new\Keywordguru\KeywordDrivenFramework\src\main\resources
2018-05-27 19:19:55,137 [Worker-6] WARN  o.e.m.c.i.embedder.EclipseLogger - Using platform encoding (Cp1252 actually) to copy filtered resources, i.e. build is platform dependent!
2018-05-27 19:19:55,138 [Worker-6] INFO  o.e.m.c.i.embedder.EclipseLogger - skip non existing resourceDirectory C:\Users\ahoss1\Desktop\Workspace_new\Keywordguru\KeywordDrivenFramework\src\test\resources
2018-05-27 19:23:58,736 [Worker-3] WARN  o.e.m.c.i.embedder.EclipseLogger - Using platform encoding (Cp1252 actually) to copy filtered resources, i.e. build is platform dependent!
2018-05-27 19:23:58,737 [Worker-3] INFO  o.e.m.c.i.embedder.EclipseLogger - skip non existing resourceDirectory C:\Users\ahoss1\Desktop\Workspace_new\Keywordguru\KeywordDrivenFramework\src\main\resources
2018-05-27 19:23:58,739 [Worker-3] WARN  o.e.m.c.i.embedder.EclipseLogger - Using platform encoding (Cp1252 actually) to copy filtered resources, i.e. build is platform dependent!
2018-05-27 19:23:58,740 [Worker-3] INFO  o.e.m.c.i.embedder.EclipseLogger - skip non existing resourceDirectory C:\Users\ahoss1\Desktop\Workspace_new\Keywordguru\KeywordDrivenFramework\src\test\resources
2018-05-27 19:25:51,387 [Worker-1] INFO  c.g.t.t.d.PublishedGradleVersions - Gradle version information cache is up-to-date. Trying to read.
2018-05-27 19:26:55,422 [Worker-7] WARN  o.e.m.c.i.embedder.EclipseLogger - Using platform encoding (Cp1252 actually) to copy filtered resources, i.e. build is platform dependent!
2018-05-27 19:26:55,424 [Worker-7] INFO  o.e.m.c.i.embedder.EclipseLogger - skip non existing resourceDirectory C:\Users\ahoss1\Desktop\Workspace_new\Keywordguru\KeywordDrivenFramework\src\main\resources
2018-05-27 19:26:55,427 [Worker-7] WARN  o.e.m.c.i.embedder.EclipseLogger - Using platform encoding (Cp1252 actually) to copy filtered resources, i.e. build is platform dependent!
2018-05-27 19:26:55,428 [Worker-7] INFO  o.e.m.c.i.embedder.EclipseLogger - skip non existing resourceDirectory C:\Users\ahoss1\Desktop\Workspace_new\Keywordguru\KeywordDrivenFramework\src\test\resources
2018-05-27 19:27:39,903 [Worker-10] INFO  o.e.m.i.launch.MavenLaunchDelegate - C:\Users\ahoss1\Desktop\Workspace_new\Keywordguru\KeywordDrivenFramework
2018-05-27 19:27:39,903 [Worker-10] INFO  o.e.m.i.launch.MavenLaunchDelegate -  mvn -B clean
2018-05-27 19:27:41,947 [Worker-6] WARN  o.e.m.c.i.embedder.EclipseLogger - Using platform encoding (Cp1252 actually) to copy filtered resources, i.e. build is platform dependent!
2018-05-27 19:27:41,947 [Worker-6] INFO  o.e.m.c.i.embedder.EclipseLogger - skip non existing resourceDirectory C:\Users\ahoss1\Desktop\Workspace_new\Keywordguru\KeywordDrivenFramework\src\main\resources
2018-05-27 19:27:41,947 [Worker-6] WARN  o.e.m.c.i.embedder.EclipseLogger - Using platform encoding (Cp1252 actually) to copy filtered resources, i.e. build is platform dependent!
2018-05-27 19:27:41,947 [Worker-6] INFO  o.e.m.c.i.embedder.EclipseLogger - skip non existing resourceDirectory C:\Users\ahoss1\Desktop\Workspace_new\Keywordguru\KeywordDrivenFramework\src\test\resources
2018-05-27 19:27:48,306 [Worker-14] INFO  o.e.m.i.launch.MavenLaunchDelegate - C:\Users\ahoss1\Desktop\Workspace_new\Keywordguru\KeywordDrivenFramework
2018-05-27 19:27:48,306 [Worker-14] INFO  o.e.m.i.launch.MavenLaunchDelegate -  mvn -B install
2018-05-27 19:27:51,746 [Worker-10] WARN  o.e.m.c.i.embedder.EclipseLogger - Using platform encoding (Cp1252 actually) to copy filtered resources, i.e. build is platform dependent!
2018-05-27 19:27:51,746 [Worker-10] INFO  o.e.m.c.i.embedder.EclipseLogger - skip non existing resourceDirectory C:\Users\ahoss1\Desktop\Workspace_new\Keywordguru\KeywordDrivenFramework\src\main\resources
2018-05-27 19:27:51,762 [Worker-10] WARN  o.e.m.c.i.embedder.EclipseLogger - Using platform encoding (Cp1252 actually) to copy filtered resources, i.e. build is platform dependent!
2018-05-27 19:27:51,762 [Worker-10] INFO  o.e.m.c.i.embedder.EclipseLogger - skip non existing resourceDirectory C:\Users\ahoss1\Desktop\Workspace_new\Keywordguru\KeywordDrivenFramework\src\test\resources
2018-05-27 21:39:02,487 [Worker-13] WARN  o.e.m.c.i.embedder.EclipseLogger - Using platform encoding (Cp1252 actually) to copy filtered resources, i.e. build is platform dependent!
2018-05-27 21:39:02,487 [Worker-13] INFO  o.e.m.c.i.embedder.EclipseLogger - skip non existing resourceDirectory C:\Users\ahoss1\Desktop\Workspace_new\Keywordguru\KeywordDrivenFramework\src\main\resources
2018-05-27 21:39:02,503 [Worker-13] WARN  o.e.m.c.i.embedder.EclipseLogger - Using platform encoding (Cp1252 actually) to copy filtered resources, i.e. build is platform dependent!
2018-05-27 21:39:02,503 [Worker-13] INFO  o.e.m.c.i.embedder.EclipseLogger - skip non existing resourceDirectory C:\Users\ahoss1\Desktop\Workspace_new\Keywordguru\KeywordDrivenFramework\src\test\resources
2018-05-27 21:39:37,500 [Worker-21] WARN  o.e.m.c.i.embedder.EclipseLogger - Using platform encoding (Cp1252 actually) to copy filtered resources, i.e. build is platform dependent!
2018-05-27 21:39:37,500 [Worker-21] INFO  o.e.m.c.i.embedder.EclipseLogger - skip non existing resourceDirectory C:\Users\ahoss1\Desktop\Workspace_new\Keywordguru\KeywordDrivenFramework\src\main\resources
2018-05-27 21:39:37,500 [Worker-21] WARN  o.e.m.c.i.embedder.EclipseLogger - Using platform encoding (Cp1252 actually) to copy filtered resources, i.e. build is platform dependent!
2018-05-27 21:39:37,500 [Worker-21] INFO  o.e.m.c.i.embedder.EclipseLogger - skip non existing resourceDirectory C:\Users\ahoss1\Desktop\Workspace_new\Keywordguru\KeywordDrivenFramework\src\test\resources
2018-05-27 21:40:25,198 [Worker-21] INFO  o.e.m.c.i.p.ProjectConfigurationManager - Update started
2018-05-27 21:40:25,777 [Worker-21] INFO  o.e.m.c.i.l.LifecycleMappingFactory - Using org.eclipse.m2e.jdt.JarLifecycleMapping lifecycle mapping for MavenProject: keyworddriven:keyworddriven:0.0.1-SNAPSHOT @ C:\Users\ahoss1\Desktop\Workspace_new\Keywordguru\KeywordDrivenFramework\pom.xml.
2018-05-27 21:40:26,436 [Worker-21] INFO  o.e.m.j.i.AbstractJavaProjectConfigurator - Adding source folder /KeywordDrivenFramework/src/main/java
2018-05-27 21:40:26,436 [Worker-21] INFO  o.e.m.j.i.AbstractJavaProjectConfigurator - Adding source folder /KeywordDrivenFramework/src/test/java
2018-05-27 21:40:26,623 [Worker-21] INFO  o.e.m.c.i.p.ProjectConfigurationManager - Update completed: 1 sec
2018-05-27 21:40:27,014 [Worker-21] WARN  o.e.m.c.i.embedder.EclipseLogger - Using platform encoding (Cp1252 actually) to copy filtered resources, i.e. build is platform dependent!
2018-05-27 21:40:27,014 [Worker-21] INFO  o.e.m.c.i.embedder.EclipseLogger - skip non existing resourceDirectory C:\Users\ahoss1\Desktop\Workspace_new\Keywordguru\KeywordDrivenFramework\src\main\resources
2018-05-27 21:40:27,014 [Worker-21] WARN  o.e.m.c.i.embedder.EclipseLogger - Using platform encoding (Cp1252 actually) to copy filtered resources, i.e. build is platform dependent!
2018-05-27 21:40:27,014 [Worker-21] INFO  o.e.m.c.i.embedder.EclipseLogger - skip non existing resourceDirectory C:\Users\ahoss1\Desktop\Workspace_new\Keywordguru\KeywordDrivenFramework\src\test\resources
2018-05-27 21:40:31,014 [Worker-6] INFO  o.e.m.i.launch.MavenLaunchDelegate - C:\Users\ahoss1\Desktop\Workspace_new\Keywordguru\KeywordDrivenFramework
2018-05-27 21:40:31,014 [Worker-6] INFO  o.e.m.i.launch.MavenLaunchDelegate -  mvn -B clean
2018-05-27 21:40:32,776 [Worker-20] WARN  o.e.m.c.i.embedder.EclipseLogger - Using platform encoding (Cp1252 actually) to copy filtered resources, i.e. build is platform dependent!
2018-05-27 21:40:32,776 [Worker-20] INFO  o.e.m.c.i.embedder.EclipseLogger - skip non existing resourceDirectory C:\Users\ahoss1\Desktop\Workspace_new\Keywordguru\KeywordDrivenFramework\src\main\resources
2018-05-27 21:40:32,776 [Worker-20] WARN  o.e.m.c.i.embedder.EclipseLogger - Using platform encoding (Cp1252 actually) to copy filtered resources, i.e. build is platform dependent!
2018-05-27 21:40:32,776 [Worker-20] INFO  o.e.m.c.i.embedder.EclipseLogger - skip non existing resourceDirectory C:\Users\ahoss1\Desktop\Workspace_new\Keywordguru\KeywordDrivenFramework\src\test\resources
2018-05-27 21:40:38,814 [Worker-20] INFO  o.e.m.i.launch.MavenLaunchDelegate - C:\Users\ahoss1\Desktop\Workspace_new\Keywordguru\KeywordDrivenFramework
2018-05-27 21:40:38,814 [Worker-20] INFO  o.e.m.i.launch.MavenLaunchDelegate -  mvn -B install
2018-05-27 21:40:41,201 [Worker-20] WARN  o.e.m.c.i.embedder.EclipseLogger - Using platform encoding (Cp1252 actually) to copy filtered resources, i.e. build is platform dependent!
2018-05-27 21:40:41,201 [Worker-20] INFO  o.e.m.c.i.embedder.EclipseLogger - skip non existing resourceDirectory C:\Users\ahoss1\Desktop\Workspace_new\Keywordguru\KeywordDrivenFramework\src\main\resources
2018-05-27 21:40:41,216 [Worker-20] WARN  o.e.m.c.i.embedder.EclipseLogger - Using platform encoding (Cp1252 actually) to copy filtered resources, i.e. build is platform dependent!
2018-05-27 21:40:41,216 [Worker-20] INFO  o.e.m.c.i.embedder.EclipseLogger - skip non existing resourceDirectory C:\Users\ahoss1\Desktop\Workspace_new\Keywordguru\KeywordDrivenFramework\src\test\resources
2018-05-27 21:42:31,294 [Worker-21] WARN  o.e.m.c.i.embedder.EclipseLogger - Using platform encoding (Cp1252 actually) to copy filtered resources, i.e. build is platform dependent!
2018-05-27 21:42:31,294 [Worker-21] INFO  o.e.m.c.i.embedder.EclipseLogger - skip non existing resourceDirectory C:\Users\ahoss1\Desktop\Workspace_new\Keywordguru\KeywordDrivenFramework\src\main\resources
2018-05-27 21:42:31,294 [Worker-21] WARN  o.e.m.c.i.embedder.EclipseLogger - Using platform encoding (Cp1252 actually) to copy filtered resources, i.e. build is platform dependent!
2018-05-27 21:42:31,309 [Worker-21] INFO  o.e.m.c.i.embedder.EclipseLogger - skip non existing resourceDirectory C:\Users\ahoss1\Desktop\Workspace_new\Keywordguru\KeywordDrivenFramework\src\test\resources
2018-05-27 21:43:23,705 [Worker-6] WARN  o.e.m.c.i.embedder.EclipseLogger - Using platform encoding (Cp1252 actually) to copy filtered resources, i.e. build is platform dependent!
2018-05-27 21:43:23,705 [Worker-6] INFO  o.e.m.c.i.embedder.EclipseLogger - skip non existing resourceDirectory C:\Users\ahoss1\Desktop\Workspace_new\Keywordguru\KeywordDrivenFramework\src\main\resources
2018-05-27 21:43:23,705 [Worker-6] WARN  o.e.m.c.i.embedder.EclipseLogger - Using platform encoding (Cp1252 actually) to copy filtered resources, i.e. build is platform dependent!
2018-05-27 21:43:23,705 [Worker-6] INFO  o.e.m.c.i.embedder.EclipseLogger - skip non existing resourceDirectory C:\Users\ahoss1\Desktop\Workspace_new\Keywordguru\KeywordDrivenFramework\src\test\resources
2018-05-27 21:43:36,619 [Worker-20] INFO  o.e.m.c.i.p.ProjectConfigurationManager - Update started
2018-05-27 21:43:37,056 [Worker-20] INFO  o.e.m.c.i.l.LifecycleMappingFactory - Using org.eclipse.m2e.jdt.JarLifecycleMapping lifecycle mapping for MavenProject: keyworddriven:keyworddriven:0.0.1-SNAPSHOT @ C:\Users\ahoss1\Desktop\Workspace_new\Keywordguru\KeywordDrivenFramework\pom.xml.
2018-05-27 21:43:37,619 [Worker-20] INFO  o.e.m.j.i.AbstractJavaProjectConfigurator - Adding source folder /KeywordDrivenFramework/src/main/java
2018-05-27 21:43:37,619 [Worker-20] INFO  o.e.m.j.i.AbstractJavaProjectConfigurator - Adding source folder /KeywordDrivenFramework/src/test/java
2018-05-27 21:43:37,770 [Worker-20] INFO  o.e.m.c.i.p.ProjectConfigurationManager - Update completed: 1 sec
2018-05-27 21:43:38,177 [Worker-13] WARN  o.e.m.c.i.embedder.EclipseLogger - Using platform encoding (Cp1252 actually) to copy filtered resources, i.e. build is platform dependent!
2018-05-27 21:43:38,192 [Worker-13] INFO  o.e.m.c.i.embedder.EclipseLogger - skip non existing resourceDirectory C:\Users\ahoss1\Desktop\Workspace_new\Keywordguru\KeywordDrivenFramework\src\main\resources
2018-05-27 21:43:38,192 [Worker-13] WARN  o.e.m.c.i.embedder.EclipseLogger - Using platform encoding (Cp1252 actually) to copy filtered resources, i.e. build is platform dependent!
2018-05-27 21:43:38,192 [Worker-13] INFO  o.e.m.c.i.embedder.EclipseLogger - skip non existing resourceDirectory C:\Users\ahoss1\Desktop\Workspace_new\Keywordguru\KeywordDrivenFramework\src\test\resources
2018-05-27 21:43:42,514 [Worker-21] INFO  o.e.m.i.launch.MavenLaunchDelegate - C:\Users\ahoss1\Desktop\Workspace_new\Keywordguru\KeywordDrivenFramework
2018-05-27 21:43:42,530 [Worker-21] INFO  o.e.m.i.launch.MavenLaunchDelegate -  mvn -B install
2018-05-27 21:43:45,408 [Worker-20] WARN  o.e.m.c.i.embedder.EclipseLogger - Using platform encoding (Cp1252 actually) to copy filtered resources, i.e. build is platform dependent!
2018-05-27 21:43:45,408 [Worker-20] INFO  o.e.m.c.i.embedder.EclipseLogger - skip non existing resourceDirectory C:\Users\ahoss1\Desktop\Workspace_new\Keywordguru\KeywordDrivenFramework\src\main\resources
2018-05-27 21:43:45,408 [Worker-20] WARN  o.e.m.c.i.embedder.EclipseLogger - Using platform encoding (Cp1252 actually) to copy filtered resources, i.e. build is platform dependent!
2018-05-27 21:43:45,408 [Worker-20] INFO  o.e.m.c.i.embedder.EclipseLogger - skip non existing resourceDirectory C:\Users\ahoss1\Desktop\Workspace_new\Keywordguru\KeywordDrivenFramework\src\test\resources
2018-05-27 21:45:44,367 [Worker-21] WARN  o.e.m.c.i.embedder.EclipseLogger - Using platform encoding (Cp1252 actually) to copy filtered resources, i.e. build is platform dependent!
2018-05-27 21:45:44,367 [Worker-21] INFO  o.e.m.c.i.embedder.EclipseLogger - skip non existing resourceDirectory C:\Users\ahoss1\Desktop\Workspace_new\Keywordguru\KeywordDrivenFramework\src\main\resources
2018-05-27 21:45:44,367 [Worker-21] WARN  o.e.m.c.i.embedder.EclipseLogger - Using platform encoding (Cp1252 actually) to copy filtered resources, i.e. build is platform dependent!
2018-05-27 21:45:44,367 [Worker-21] INFO  o.e.m.c.i.embedder.EclipseLogger - skip non existing resourceDirectory C:\Users\ahoss1\Desktop\Workspace_new\Keywordguru\KeywordDrivenFramework\src\test\resources
2018-05-27 21:46:43,266 [Worker-21] WARN  o.e.m.c.i.embedder.EclipseLogger - Using platform encoding (Cp1252 actually) to copy filtered resources, i.e. build is platform dependent!
2018-05-27 21:46:43,266 [Worker-21] INFO  o.e.m.c.i.embedder.EclipseLogger - skip non existing resourceDirectory C:\Users\ahoss1\Desktop\Workspace_new\Keywordguru\KeywordDrivenFramework\src\main\resources
2018-05-27 21:46:43,266 [Worker-21] WARN  o.e.m.c.i.embedder.EclipseLogger - Using platform encoding (Cp1252 actually) to copy filtered resources, i.e. build is platform dependent!
2018-05-27 21:46:43,282 [Worker-21] INFO  o.e.m.c.i.embedder.EclipseLogger - skip non existing resourceDirectory C:\Users\ahoss1\Desktop\Workspace_new\Keywordguru\KeywordDrivenFramework\src\test\resources
2018-05-27 21:46:49,698 [Worker-6] WARN  o.e.m.c.i.embedder.EclipseLogger - Using platform encoding (Cp1252 actually) to copy filtered resources, i.e. build is platform dependent!
2018-05-27 21:46:49,698 [Worker-6] INFO  o.e.m.c.i.embedder.EclipseLogger - skip non existing resourceDirectory C:\Users\ahoss1\Desktop\Workspace_new\Keywordguru\KeywordDrivenFramework\src\main\resources
2018-05-27 21:46:49,698 [Worker-6] WARN  o.e.m.c.i.embedder.EclipseLogger - Using platform encoding (Cp1252 actually) to copy filtered resources, i.e. build is platform dependent!
2018-05-27 21:46:49,698 [Worker-6] INFO  o.e.m.c.i.embedder.EclipseLogger - skip non existing resourceDirectory C:\Users\ahoss1\Desktop\Workspace_new\Keywordguru\KeywordDrivenFramework\src\test\resources
2018-05-27 21:49:22,823 [Worker-22] WARN  o.e.m.c.i.embedder.EclipseLogger - Using platform encoding (Cp1252 actually) to copy filtered resources, i.e. build is platform dependent!
2018-05-27 21:49:22,823 [Worker-22] INFO  o.e.m.c.i.embedder.EclipseLogger - skip non existing resourceDirectory C:\Users\ahoss1\Desktop\Workspace_new\Keywordguru\KeywordDrivenFramework\src\main\resources
2018-05-27 21:49:22,823 [Worker-22] WARN  o.e.m.c.i.embedder.EclipseLogger - Using platform encoding (Cp1252 actually) to copy filtered resources, i.e. build is platform dependent!
2018-05-27 21:49:22,839 [Worker-22] INFO  o.e.m.c.i.embedder.EclipseLogger - skip non existing resourceDirectory C:\Users\ahoss1\Desktop\Workspace_new\Keywordguru\KeywordDrivenFramework\src\test\resources
2018-05-27 21:53:03,937 [Worker-23] WARN  o.e.m.c.i.embedder.EclipseLogger - Using platform encoding (Cp1252 actually) to copy filtered resources, i.e. build is platform dependent!
2018-05-27 21:53:03,937 [Worker-23] INFO  o.e.m.c.i.embedder.EclipseLogger - skip non existing resourceDirectory C:\Users\ahoss1\Desktop\Workspace_new\Keywordguru\KeywordDrivenFramework\src\main\resources
2018-05-27 21:53:03,952 [Worker-23] WARN  o.e.m.c.i.embedder.EclipseLogger - Using platform encoding (Cp1252 actually) to copy filtered resources, i.e. build is platform dependent!
2018-05-27 21:53:03,952 [Worker-23] INFO  o.e.m.c.i.embedder.EclipseLogger - skip non existing resourceDirectory C:\Users\ahoss1\Desktop\Workspace_new\Keywordguru\KeywordDrivenFramework\src\test\resources
2018-05-27 22:00:29,009 [Worker-1] INFO  c.g.t.t.d.PublishedGradleVersions - Gradle version information cache is up-to-date. Trying to read.
2018-05-27 22:00:32,378 [Worker-6] WARN  o.e.m.c.i.embedder.EclipseLogger - Using platform encoding (Cp1252 actually) to copy filtered resources, i.e. build is platform dependent!
2018-05-27 22:00:32,381 [Worker-6] INFO  o.e.m.c.i.embedder.EclipseLogger - skip non existing resourceDirectory C:\Users\ahoss1\Desktop\Workspace_new\Keywordguru\KeywordDrivenFramework\src\main\resources
2018-05-27 22:00:32,382 [Worker-6] WARN  o.e.m.c.i.embedder.EclipseLogger - Using platform encoding (Cp1252 actually) to copy filtered resources, i.e. build is platform dependent!
2018-05-27 22:00:32,383 [Worker-6] INFO  o.e.m.c.i.embedder.EclipseLogger - skip non existing resourceDirectory C:\Users\ahoss1\Desktop\Workspace_new\Keywordguru\KeywordDrivenFramework\src\test\resources
2018-05-27 22:02:22,772 [Worker-16] WARN  o.e.m.c.i.embedder.EclipseLogger - Using platform encoding (Cp1252 actually) to copy filtered resources, i.e. build is platform dependent!
2018-05-27 22:02:22,773 [Worker-16] INFO  o.e.m.c.i.embedder.EclipseLogger - skip non existing resourceDirectory C:\Users\ahoss1\Desktop\Workspace_new\Keywordguru\KeywordDrivenFramework\src\main\resources
2018-05-27 22:02:22,775 [Worker-16] WARN  o.e.m.c.i.embedder.EclipseLogger - Using platform encoding (Cp1252 actually) to copy filtered resources, i.e. build is platform dependent!
2018-05-27 22:02:22,777 [Worker-16] INFO  o.e.m.c.i.embedder.EclipseLogger - skip non existing resourceDirectory C:\Users\ahoss1\Desktop\Workspace_new\Keywordguru\KeywordDrivenFramework\src\test\resources
2018-05-27 22:07:14,350 [Worker-10] WARN  o.e.m.c.i.embedder.EclipseLogger - Using platform encoding (Cp1252 actually) to copy filtered resources, i.e. build is platform dependent!
2018-05-27 22:07:14,353 [Worker-10] INFO  o.e.m.c.i.embedder.EclipseLogger - skip non existing resourceDirectory C:\Users\ahoss1\Desktop\Workspace_new\Keywordguru\KeywordDrivenFramework\src\main\resources
2018-05-27 22:07:14,355 [Worker-10] WARN  o.e.m.c.i.embedder.EclipseLogger - Using platform encoding (Cp1252 actually) to copy filtered resources, i.e. build is platform dependent!
2018-05-27 22:07:14,356 [Worker-10] INFO  o.e.m.c.i.embedder.EclipseLogger - skip non existing resourceDirectory C:\Users\ahoss1\Desktop\Workspace_new\Keywordguru\KeywordDrivenFramework\src\test\resources
2018-05-27 22:07:25,048 [Worker-17] WARN  o.e.m.c.i.embedder.EclipseLogger - Using platform encoding (Cp1252 actually) to copy filtered resources, i.e. build is platform dependent!
2018-05-27 22:07:25,049 [Worker-17] INFO  o.e.m.c.i.embedder.EclipseLogger - skip non existing resourceDirectory C:\Users\ahoss1\Desktop\Workspace_new\Keywordguru\KeywordDrivenFramework\src\main\resources
2018-05-27 22:07:25,051 [Worker-17] WARN  o.e.m.c.i.embedder.EclipseLogger - Using platform encoding (Cp1252 actually) to copy filtered resources, i.e. build is platform dependent!
2018-05-27 22:07:25,052 [Worker-17] INFO  o.e.m.c.i.embedder.EclipseLogger - skip non existing resourceDirectory C:\Users\ahoss1\Desktop\Workspace_new\Keywordguru\KeywordDrivenFramework\src\test\resources
2018-05-27 22:13:12,858 [Worker-6] INFO  c.g.t.t.d.PublishedGradleVersions - Gradle version information cache is up-to-date. Trying to read.
2018-05-27 22:13:16,852 [Worker-10] WARN  o.e.m.c.i.embedder.EclipseLogger - Using platform encoding (Cp1252 actually) to copy filtered resources, i.e. build is platform dependent!
2018-05-27 22:13:16,855 [Worker-10] INFO  o.e.m.c.i.embedder.EclipseLogger - skip non existing resourceDirectory C:\Users\ahoss1\Desktop\Workspace_new\Keywordguru\KeywordDrivenFramework\src\main\resources
2018-05-27 22:13:16,858 [Worker-10] WARN  o.e.m.c.i.embedder.EclipseLogger - Using platform encoding (Cp1252 actually) to copy filtered resources, i.e. build is platform dependent!
2018-05-27 22:13:16,859 [Worker-10] INFO  o.e.m.c.i.embedder.EclipseLogger - skip non existing resourceDirectory C:\Users\ahoss1\Desktop\Workspace_new\Keywordguru\KeywordDrivenFramework\src\test\resources
2018-05-27 22:15:25,022 [Worker-4] WARN  o.e.m.c.i.embedder.EclipseLogger - Using platform encoding (Cp1252 actually) to copy filtered resources, i.e. build is platform dependent!
2018-05-27 22:15:25,023 [Worker-4] INFO  o.e.m.c.i.embedder.EclipseLogger - skip non existing resourceDirectory C:\Users\ahoss1\Desktop\Workspace_new\Keywordguru\KeywordDrivenFramework\src\main\resources
2018-05-27 22:15:25,025 [Worker-4] WARN  o.e.m.c.i.embedder.EclipseLogger - Using platform encoding (Cp1252 actually) to copy filtered resources, i.e. build is platform dependent!
2018-05-27 22:15:25,026 [Worker-4] INFO  o.e.m.c.i.embedder.EclipseLogger - skip non existing resourceDirectory C:\Users\ahoss1\Desktop\Workspace_new\Keywordguru\KeywordDrivenFramework\src\test\resources
2018-05-27 23:01:43,638 [Worker-21] WARN  o.e.m.c.i.embedder.EclipseLogger - Using platform encoding (Cp1252 actually) to copy filtered resources, i.e. build is platform dependent!
2018-05-27 23:01:43,642 [Worker-21] INFO  o.e.m.c.i.embedder.EclipseLogger - skip non existing resourceDirectory C:\Users\ahoss1\Desktop\Workspace_new\Keywordguru\KeywordDrivenFramework\src\main\resources
2018-05-27 23:01:43,642 [Worker-21] WARN  o.e.m.c.i.embedder.EclipseLogger - Using platform encoding (Cp1252 actually) to copy filtered resources, i.e. build is platform dependent!
2018-05-27 23:01:43,646 [Worker-21] INFO  o.e.m.c.i.embedder.EclipseLogger - skip non existing resourceDirectory C:\Users\ahoss1\Desktop\Workspace_new\Keywordguru\KeywordDrivenFramework\src\test\resources
2018-05-28 01:31:22,229 [Worker-33] WARN  o.e.m.c.i.embedder.EclipseLogger - Using platform encoding (Cp1252 actually) to copy filtered resources, i.e. build is platform dependent!
2018-05-28 01:31:22,229 [Worker-33] INFO  o.e.m.c.i.embedder.EclipseLogger - skip non existing resourceDirectory C:\Users\ahoss1\Desktop\Workspace_new\Keywordguru\KeywordDrivenFramework\src\main\resources
2018-05-28 01:31:22,229 [Worker-33] WARN  o.e.m.c.i.embedder.EclipseLogger - Using platform encoding (Cp1252 actually) to copy filtered resources, i.e. build is platform dependent!
2018-05-28 01:31:22,229 [Worker-33] INFO  o.e.m.c.i.embedder.EclipseLogger - skip non existing resourceDirectory C:\Users\ahoss1\Desktop\Workspace_new\Keywordguru\KeywordDrivenFramework\src\test\resources
2018-05-28 01:31:55,176 [Worker-34] WARN  o.e.m.c.i.embedder.EclipseLogger - Using platform encoding (Cp1252 actually) to copy filtered resources, i.e. build is platform dependent!
2018-05-28 01:31:55,177 [Worker-34] INFO  o.e.m.c.i.embedder.EclipseLogger - skip non existing resourceDirectory C:\Users\ahoss1\Desktop\Workspace_new\Keywordguru\KeywordDrivenFramework\src\main\resources
2018-05-28 01:31:55,177 [Worker-34] WARN  o.e.m.c.i.embedder.EclipseLogger - Using platform encoding (Cp1252 actually) to copy filtered resources, i.e. build is platform dependent!
2018-05-28 01:31:55,181 [Worker-34] INFO  o.e.m.c.i.embedder.EclipseLogger - skip non existing resourceDirectory C:\Users\ahoss1\Desktop\Workspace_new\Keywordguru\KeywordDrivenFramework\src\test\resources
2018-05-28 01:33:08,434 [Worker-34] WARN  o.e.m.c.i.embedder.EclipseLogger - Using platform encoding (Cp1252 actually) to copy filtered resources, i.e. build is platform dependent!
2018-05-28 01:33:08,434 [Worker-34] INFO  o.e.m.c.i.embedder.EclipseLogger - skip non existing resourceDirectory C:\Users\ahoss1\Desktop\Workspace_new\Keywordguru\KeywordDrivenFramework\src\main\resources
2018-05-28 01:33:08,450 [Worker-34] WARN  o.e.m.c.i.embedder.EclipseLogger - Using platform encoding (Cp1252 actually) to copy filtered resources, i.e. build is platform dependent!
2018-05-28 01:33:08,450 [Worker-34] INFO  o.e.m.c.i.embedder.EclipseLogger - skip non existing resourceDirectory C:\Users\ahoss1\Desktop\Workspace_new\Keywordguru\KeywordDrivenFramework\src\test\resources
2018-05-28 01:34:21,294 [Worker-35] WARN  o.e.m.c.i.embedder.EclipseLogger - Using platform encoding (Cp1252 actually) to copy filtered resources, i.e. build is platform dependent!
2018-05-28 01:34:21,294 [Worker-35] INFO  o.e.m.c.i.embedder.EclipseLogger - skip non existing resourceDirectory C:\Users\ahoss1\Desktop\Workspace_new\Keywordguru\KeywordDrivenFramework\src\main\resources
2018-05-28 01:34:21,298 [Worker-35] WARN  o.e.m.c.i.embedder.EclipseLogger - Using platform encoding (Cp1252 actually) to copy filtered resources, i.e. build is platform dependent!
2018-05-28 01:34:21,301 [Worker-35] INFO  o.e.m.c.i.embedder.EclipseLogger - skip non existing resourceDirectory C:\Users\ahoss1\Desktop\Workspace_new\Keywordguru\KeywordDrivenFramework\src\test\resources
2018-05-28 01:37:29,393 [Worker-37] WARN  o.e.m.c.i.embedder.EclipseLogger - Using platform encoding (Cp1252 actually) to copy filtered resources, i.e. build is platform dependent!
2018-05-28 01:37:29,393 [Worker-37] INFO  o.e.m.c.i.embedder.EclipseLogger - skip non existing resourceDirectory C:\Users\ahoss1\Desktop\Workspace_new\Keywordguru\KeywordDrivenFramework\src\main\resources
2018-05-28 01:37:29,393 [Worker-37] WARN  o.e.m.c.i.embedder.EclipseLogger - Using platform encoding (Cp1252 actually) to copy filtered resources, i.e. build is platform dependent!
2018-05-28 01:37:29,393 [Worker-37] INFO  o.e.m.c.i.embedder.EclipseLogger - skip non existing resourceDirectory C:\Users\ahoss1\Desktop\Workspace_new\Keywordguru\KeywordDrivenFramework\src\test\resources
2018-05-28 01:38:27,929 [Worker-35] WARN  o.e.m.c.i.embedder.EclipseLogger - Using platform encoding (Cp1252 actually) to copy filtered resources, i.e. build is platform dependent!
2018-05-28 01:38:27,945 [Worker-35] INFO  o.e.m.c.i.embedder.EclipseLogger - skip non existing resourceDirectory C:\Users\ahoss1\Desktop\Workspace_new\Keywordguru\KeywordDrivenFramework\src\main\resources
2018-05-28 01:38:27,945 [Worker-35] WARN  o.e.m.c.i.embedder.EclipseLogger - Using platform encoding (Cp1252 actually) to copy filtered resources, i.e. build is platform dependent!
2018-05-28 01:38:27,945 [Worker-35] INFO  o.e.m.c.i.embedder.EclipseLogger - skip non existing resourceDirectory C:\Users\ahoss1\Desktop\Workspace_new\Keywordguru\KeywordDrivenFramework\src\test\resources
2018-05-28 01:39:03,576 [Worker-29] WARN  o.e.m.c.i.embedder.EclipseLogger - Using platform encoding (Cp1252 actually) to copy filtered resources, i.e. build is platform dependent!
2018-05-28 01:39:03,576 [Worker-29] INFO  o.e.m.c.i.embedder.EclipseLogger - skip non existing resourceDirectory C:\Users\ahoss1\Desktop\Workspace_new\Keywordguru\KeywordDrivenFramework\src\main\resources
2018-05-28 01:39:03,576 [Worker-29] WARN  o.e.m.c.i.embedder.EclipseLogger - Using platform encoding (Cp1252 actually) to copy filtered resources, i.e. build is platform dependent!
2018-05-28 01:39:03,576 [Worker-29] INFO  o.e.m.c.i.embedder.EclipseLogger - skip non existing resourceDirectory C:\Users\ahoss1\Desktop\Workspace_new\Keywordguru\KeywordDrivenFramework\src\test\resources
2018-05-28 01:39:41,941 [Worker-37] WARN  o.e.m.c.i.embedder.EclipseLogger - Using platform encoding (Cp1252 actually) to copy filtered resources, i.e. build is platform dependent!
2018-05-28 01:39:41,941 [Worker-37] INFO  o.e.m.c.i.embedder.EclipseLogger - skip non existing resourceDirectory C:\Users\ahoss1\Desktop\Workspace_new\Keywordguru\KeywordDrivenFramework\src\main\resources
2018-05-28 01:39:41,941 [Worker-37] WARN  o.e.m.c.i.embedder.EclipseLogger - Using platform encoding (Cp1252 actually) to copy filtered resources, i.e. build is platform dependent!
2018-05-28 01:39:41,941 [Worker-37] INFO  o.e.m.c.i.embedder.EclipseLogger - skip non existing resourceDirectory C:\Users\ahoss1\Desktop\Workspace_new\Keywordguru\KeywordDrivenFramework\src\test\resources
2018-05-28 02:08:09,660 [Worker-33] WARN  o.e.m.c.i.embedder.EclipseLogger - Using platform encoding (Cp1252 actually) to copy filtered resources, i.e. build is platform dependent!
2018-05-28 02:08:09,660 [Worker-33] INFO  o.e.m.c.i.embedder.EclipseLogger - skip non existing resourceDirectory C:\Users\ahoss1\Desktop\Workspace_new\Keywordguru\KeywordDrivenFramework\src\main\resources
2018-05-28 02:08:09,676 [Worker-33] WARN  o.e.m.c.i.embedder.EclipseLogger - Using platform encoding (Cp1252 actually) to copy filtered resources, i.e. build is platform dependent!
2018-05-28 02:08:09,676 [Worker-33] INFO  o.e.m.c.i.embedder.EclipseLogger - skip non existing resourceDirectory C:\Users\ahoss1\Desktop\Workspace_new\Keywordguru\KeywordDrivenFramework\src\test\resources
2018-05-28 02:09:17,498 [Worker-34] WARN  o.e.m.c.i.embedder.EclipseLogger - Using platform encoding (Cp1252 actually) to copy filtered resources, i.e. build is platform dependent!
2018-05-28 02:09:17,498 [Worker-34] INFO  o.e.m.c.i.embedder.EclipseLogger - skip non existing resourceDirectory C:\Users\ahoss1\Desktop\Workspace_new\Keywordguru\KeywordDrivenFramework\src\main\resources
2018-05-28 02:09:17,498 [Worker-34] WARN  o.e.m.c.i.embedder.EclipseLogger - Using platform encoding (Cp1252 actually) to copy filtered resources, i.e. build is platform dependent!
2018-05-28 02:09:17,498 [Worker-34] INFO  o.e.m.c.i.embedder.EclipseLogger - skip non existing resourceDirectory C:\Users\ahoss1\Desktop\Workspace_new\Keywordguru\KeywordDrivenFramework\src\test\resources
2018-05-28 02:12:53,428 [Worker-47] INFO  o.e.m.c.i.e.AbstractTransferListenerAdapter - Downloading https://artifactory.nike.com/artifactory/all-repos/org/testng/testng/6.8/testng-6.8-sources.jar
2018-05-28 02:12:53,741 [Worker-47] INFO  o.e.m.c.i.e.AbstractTransferListenerAdapter - Downloaded https://artifactory.nike.com/artifactory/all-repos/org/testng/testng/6.8/testng-6.8-sources.jar
2018-05-28 02:12:53,959 [Worker-47] INFO  o.e.m.j.internal.DownloadSourcesJob - Downloaded sources for org.testng:testng:6.8
2018-05-28 02:12:54,303 [Worker-45] WARN  o.e.m.c.i.embedder.EclipseLogger - Using platform encoding (Cp1252 actually) to copy filtered resources, i.e. build is platform dependent!
2018-05-28 02:12:54,303 [Worker-45] INFO  o.e.m.c.i.embedder.EclipseLogger - skip non existing resourceDirectory C:\Users\ahoss1\Desktop\Workspace_new\Keywordguru\KeywordDrivenFramework\src\main\resources
2018-05-28 02:12:54,303 [Worker-45] WARN  o.e.m.c.i.embedder.EclipseLogger - Using platform encoding (Cp1252 actually) to copy filtered resources, i.e. build is platform dependent!
2018-05-28 02:12:54,303 [Worker-45] INFO  o.e.m.c.i.embedder.EclipseLogger - skip non existing resourceDirectory C:\Users\ahoss1\Desktop\Workspace_new\Keywordguru\KeywordDrivenFramework\src\test\resources
2018-05-28 20:08:53,156 [Worker-0] INFO  c.g.t.t.d.PublishedGradleVersions - Gradle version information cache is up-to-date. Trying to read.
